[debug] [2024-10-20T16:35:18.822Z] ----------------------------------------------------------------------
[debug] [2024-10-20T16:35:18.834Z] Command:       C:\Program Files\nodejs\node.exe C:\Users\AUN ELECTRONIC\AppData\Roaming\npm\node_modules\firebase-tools\lib\bin\firebase.js init
[debug] [2024-10-20T16:35:18.836Z] CLI Version:   13.15.4
[debug] [2024-10-20T16:35:18.837Z] Platform:      win32
[debug] [2024-10-20T16:35:18.837Z] Node Version:  v20.16.0
[debug] [2024-10-20T16:35:18.838Z] Time:          Sun Oct 20 2024 21:35:18 GMT+0500 (Pakistan Standard Time)
[debug] [2024-10-20T16:35:18.839Z] ----------------------------------------------------------------------
[debug] 
[debug] [2024-10-20T16:35:19.166Z] > command requires scopes: ["email","openid","https://www.googleapis.com/auth/cloudplatformprojects.readonly","https://www.googleapis.com/auth/firebase","https://www.googleapis.com/auth/cloud-platform"]
[debug] [2024-10-20T16:35:19.168Z] > authorizing via signed-in user (syedmuhmmad217@gmail.com)
[info] 
     ######## #### ########  ######## ########     ###     ######  ########
     ##        ##  ##     ## ##       ##     ##  ##   ##  ##       ##
     ######    ##  ########  ######   ########  #########  ######  ######
     ##        ##  ##    ##  ##       ##     ## ##     ##       ## ##
     ##       #### ##     ## ######## ########  ##     ##  ######  ########

You're about to initialize a Firebase project in this directory:

  F:\Saylani\Next 1\meme-generator

Before we get started, keep in mind:

  * You are initializing within an existing Firebase project directory

[info] 
=== Project Setup
[info] 
[info] First, let's associate this project directory with a Firebase project.
[info] You can create multiple project aliases by running firebase use --add, 
[info] but for now we'll just set up a default project.
[info] 
[debug] [2024-10-20T16:35:29.944Z] Using project from CLI flag: meme-maker123
[debug] [2024-10-20T16:35:29.954Z] >>> [apiv2][query] GET https://firebase.googleapis.com/v1beta1/projects/meme-maker123 [none]
[debug] [2024-10-20T16:35:30.756Z] <<< [apiv2][status] GET https://firebase.googleapis.com/v1beta1/projects/meme-maker123 200
[debug] [2024-10-20T16:35:30.757Z] <<< [apiv2][body] GET https://firebase.googleapis.com/v1beta1/projects/meme-maker123 {"projectId":"meme-maker123","projectNumber":"503388797485","displayName":"meme-maker123","name":"projects/meme-maker123","resources":{"hostingSite":"meme-maker123"},"state":"ACTIVE","etag":"1_7e97953f-5ec2-482d-9d44-2088d55c4d20"}
[info] i  Using project meme-maker123 (meme-maker123) 
[info] 
=== Hosting Setup
[debug] [2024-10-20T16:35:30.919Z] >>> [apiv2][query] GET https://firebase.googleapis.com/v1beta1/projects/meme-maker123 [none]
[debug] [2024-10-20T16:35:31.272Z] <<< [apiv2][status] GET https://firebase.googleapis.com/v1beta1/projects/meme-maker123 200
[debug] [2024-10-20T16:35:31.272Z] <<< [apiv2][body] GET https://firebase.googleapis.com/v1beta1/projects/meme-maker123 {"projectId":"meme-maker123","projectNumber":"503388797485","displayName":"meme-maker123","name":"projects/meme-maker123","resources":{"hostingSite":"meme-maker123"},"state":"ACTIVE","etag":"1_7e97953f-5ec2-482d-9d44-2088d55c4d20"}
[debug] [2024-10-20T16:37:08.093Z] Error: Command failed: npx --yes create-next-app@"12 - 14.0" -e hello-world next --use-npm --ts
    at genericNodeError (node:internal/errors:984:15)
    at wrappedFn (node:internal/errors:538:14)
    at checkExecSyncError (node:child_process:890:11)
    at execSync (node:child_process:962:15)
    at Object.init (C:\Users\AUN ELECTRONIC\AppData\Roaming\npm\node_modules\firebase-tools\lib\frameworks\next\index.js:211:34)
    at process.processTicksAndRejections (node:internal/process/task_queues:95:5)
    at async doSetup (C:\Users\AUN ELECTRONIC\AppData\Roaming\npm\node_modules\firebase-tools\lib\init\features\hosting\index.js:120:13)
    at async init (C:\Users\AUN ELECTRONIC\AppData\Roaming\npm\node_modules\firebase-tools\lib\init\index.js:40:9)
[error] 
[error] Error: An unexpected error has occurred.
[debug] [2024-10-20T17:01:00.493Z] ----------------------------------------------------------------------
[debug] [2024-10-20T17:01:00.505Z] Command:       C:\Program Files\nodejs\node.exe C:\Users\AUN ELECTRONIC\AppData\Roaming\npm\node_modules\firebase-tools\lib\bin\firebase.js init
[debug] [2024-10-20T17:01:00.507Z] CLI Version:   13.15.4
[debug] [2024-10-20T17:01:00.507Z] Platform:      win32
[debug] [2024-10-20T17:01:00.508Z] Node Version:  v20.16.0
[debug] [2024-10-20T17:01:00.508Z] Time:          Sun Oct 20 2024 22:01:00 GMT+0500 (Pakistan Standard Time)
[debug] [2024-10-20T17:01:00.509Z] ----------------------------------------------------------------------
[debug] 
[debug] [2024-10-20T17:01:00.841Z] > command requires scopes: ["email","openid","https://www.googleapis.com/auth/cloudplatformprojects.readonly","https://www.googleapis.com/auth/firebase","https://www.googleapis.com/auth/cloud-platform"]
[debug] [2024-10-20T17:01:00.843Z] > authorizing via signed-in user (syedmuhmmad217@gmail.com)
[info] 
     ######## #### ########  ######## ########     ###     ######  ########
     ##        ##  ##     ## ##       ##     ##  ##   ##  ##       ##
     ######    ##  ########  ######   ########  #########  ######  ######
     ##        ##  ##    ##  ##       ##     ## ##     ##       ## ##
     ##       #### ##     ## ######## ########  ##     ##  ######  ########

You're about to initialize a Firebase project in this directory:

  F:\Saylani\Next 1\meme-generator

Before we get started, keep in mind:

  * You are initializing within an existing Firebase project directory

[info] 
=== Project Setup
[info] 
[info] First, let's associate this project directory with a Firebase project.
[info] You can create multiple project aliases by running firebase use --add, 
[info] but for now we'll just set up a default project.
[info] 
[debug] [2024-10-20T17:01:10.617Z] Using project from CLI flag: meme-maker123
[debug] [2024-10-20T17:01:10.636Z] >>> [apiv2][query] GET https://firebase.googleapis.com/v1beta1/projects/meme-maker123 [none]
[debug] [2024-10-20T17:01:11.477Z] <<< [apiv2][status] GET https://firebase.googleapis.com/v1beta1/projects/meme-maker123 200
[debug] [2024-10-20T17:01:11.477Z] <<< [apiv2][body] GET https://firebase.googleapis.com/v1beta1/projects/meme-maker123 {"projectId":"meme-maker123","projectNumber":"503388797485","displayName":"meme-maker123","name":"projects/meme-maker123","resources":{"hostingSite":"meme-maker123"},"state":"ACTIVE","etag":"1_7e97953f-5ec2-482d-9d44-2088d55c4d20"}
[info] i  Using project meme-maker123 (meme-maker123) 
[info] 
=== Hosting Setup
[debug] [2024-10-20T17:01:11.503Z] >>> [apiv2][query] GET https://firebase.googleapis.com/v1beta1/projects/meme-maker123 [none]
[debug] [2024-10-20T17:01:11.901Z] <<< [apiv2][status] GET https://firebase.googleapis.com/v1beta1/projects/meme-maker123 200
[debug] [2024-10-20T17:01:11.902Z] <<< [apiv2][body] GET https://firebase.googleapis.com/v1beta1/projects/meme-maker123 {"projectId":"meme-maker123","projectNumber":"503388797485","displayName":"meme-maker123","name":"projects/meme-maker123","resources":{"hostingSite":"meme-maker123"},"state":"ACTIVE","etag":"1_7e97953f-5ec2-482d-9d44-2088d55c4d20"}
[debug] [2024-10-20T17:05:33.334Z] Error: Command failed: npx --yes create-next-app@"12 - 14.0" -e hello-world next --use-npm --ts
    at genericNodeError (node:internal/errors:984:15)
    at wrappedFn (node:internal/errors:538:14)
    at checkExecSyncError (node:child_process:890:11)
    at execSync (node:child_process:962:15)
    at Object.init (C:\Users\AUN ELECTRONIC\AppData\Roaming\npm\node_modules\firebase-tools\lib\frameworks\next\index.js:211:34)
    at process.processTicksAndRejections (node:internal/process/task_queues:95:5)
    at async doSetup (C:\Users\AUN ELECTRONIC\AppData\Roaming\npm\node_modules\firebase-tools\lib\init\features\hosting\index.js:120:13)
    at async init (C:\Users\AUN ELECTRONIC\AppData\Roaming\npm\node_modules\firebase-tools\lib\init\index.js:40:9)
[error] 
[error] Error: An unexpected error has occurred.
[debug] [2024-10-20T17:10:12.249Z] ----------------------------------------------------------------------
[debug] [2024-10-20T17:10:12.261Z] Command:       C:\Program Files\nodejs\node.exe C:\Users\AUN ELECTRONIC\AppData\Roaming\npm\node_modules\firebase-tools\lib\bin\firebase.js init
[debug] [2024-10-20T17:10:12.262Z] CLI Version:   13.15.4
[debug] [2024-10-20T17:10:12.263Z] Platform:      win32
[debug] [2024-10-20T17:10:12.264Z] Node Version:  v20.16.0
[debug] [2024-10-20T17:10:12.264Z] Time:          Sun Oct 20 2024 22:10:12 GMT+0500 (Pakistan Standard Time)
[debug] [2024-10-20T17:10:12.265Z] ----------------------------------------------------------------------
[debug] 
[debug] [2024-10-20T17:10:12.602Z] > command requires scopes: ["email","openid","https://www.googleapis.com/auth/cloudplatformprojects.readonly","https://www.googleapis.com/auth/firebase","https://www.googleapis.com/auth/cloud-platform"]
[debug] [2024-10-20T17:10:12.604Z] > authorizing via signed-in user (syedmuhmmad217@gmail.com)
[info] 
     ######## #### ########  ######## ########     ###     ######  ########
     ##        ##  ##     ## ##       ##     ##  ##   ##  ##       ##
     ######    ##  ########  ######   ########  #########  ######  ######
     ##        ##  ##    ##  ##       ##     ## ##     ##       ## ##
     ##       #### ##     ## ######## ########  ##     ##  ######  ########

You're about to initialize a Firebase project in this directory:

  F:\Saylani\Next 1\meme-generator

Before we get started, keep in mind:

  * You are initializing within an existing Firebase project directory

[info] 
=== Project Setup
[info] 
[info] First, let's associate this project directory with a Firebase project.
[info] You can create multiple project aliases by running firebase use --add, 
[info] but for now we'll just set up a default project.
[info] 
[debug] [2024-10-20T17:10:19.027Z] Using project from CLI flag: meme-maker123
[debug] [2024-10-20T17:10:19.046Z] >>> [apiv2][query] GET https://firebase.googleapis.com/v1beta1/projects/meme-maker123 [none]
[debug] [2024-10-20T17:10:20.207Z] <<< [apiv2][status] GET https://firebase.googleapis.com/v1beta1/projects/meme-maker123 200
[debug] [2024-10-20T17:10:20.208Z] <<< [apiv2][body] GET https://firebase.googleapis.com/v1beta1/projects/meme-maker123 {"projectId":"meme-maker123","projectNumber":"503388797485","displayName":"meme-maker123","name":"projects/meme-maker123","resources":{"hostingSite":"meme-maker123"},"state":"ACTIVE","etag":"1_7e97953f-5ec2-482d-9d44-2088d55c4d20"}
[info] i  Using project meme-maker123 (meme-maker123) 
[info] 
=== Hosting Setup
[debug] [2024-10-20T17:10:20.239Z] >>> [apiv2][query] GET https://firebase.googleapis.com/v1beta1/projects/meme-maker123 [none]
[debug] [2024-10-20T17:10:20.602Z] <<< [apiv2][status] GET https://firebase.googleapis.com/v1beta1/projects/meme-maker123 200
[debug] [2024-10-20T17:10:20.603Z] <<< [apiv2][body] GET https://firebase.googleapis.com/v1beta1/projects/meme-maker123 {"projectId":"meme-maker123","projectNumber":"503388797485","displayName":"meme-maker123","name":"projects/meme-maker123","resources":{"hostingSite":"meme-maker123"},"state":"ACTIVE","etag":"1_7e97953f-5ec2-482d-9d44-2088d55c4d20"}
[debug] [2024-10-20T17:12:51.302Z] Error: Command failed: npx --yes create-next-app@"12 - 14.0" -e hello-world next --use-npm --ts
    at genericNodeError (node:internal/errors:984:15)
    at wrappedFn (node:internal/errors:538:14)
    at checkExecSyncError (node:child_process:890:11)
    at execSync (node:child_process:962:15)
    at Object.init (C:\Users\AUN ELECTRONIC\AppData\Roaming\npm\node_modules\firebase-tools\lib\frameworks\next\index.js:211:34)
    at process.processTicksAndRejections (node:internal/process/task_queues:95:5)
    at async doSetup (C:\Users\AUN ELECTRONIC\AppData\Roaming\npm\node_modules\firebase-tools\lib\init\features\hosting\index.js:120:13)
    at async init (C:\Users\AUN ELECTRONIC\AppData\Roaming\npm\node_modules\firebase-tools\lib\init\index.js:40:9)
[error] 
[error] Error: An unexpected error has occurred.
